<?xml version="1.0" encoding="UTF-8"?>
<testng-results ignored="0" total="1" passed="1" failed="0" skipped="0">
  <reporter-output>
  </reporter-output>
  <suite started-at="2021-09-10T10:59:07 IST" name="Default suite" finished-at="2021-09-10T10:59:21 IST" duration-ms="14366">
    <groups>
    </groups>
    <test started-at="2021-09-10T10:59:07 IST" name="Default test" finished-at="2021-09-10T10:59:21 IST" duration-ms="14366">
      <class name="Testit">
        <test-method signature="verfyfacebook()[pri:0, instance:Testit@159f197]" started-at="2021-09-10T10:59:07 IST" name="verfyfacebook" finished-at="2021-09-10T10:59:21 IST" duration-ms="14325" status="PASS">
          <reporter-output>
          </reporter-output>
        </test-method> <!-- verfyfacebook -->
      </class> <!-- Testit -->
    </test> <!-- Default test -->
  </suite> <!-- Default suite -->
</testng-results>
